Arguments: 
  C:\Program Files\nodejs\node.exe C:\Program Files (x86)\Yarn\bin\yarn.js install

PATH: 
  C:\Oracle\product\12.1.0\client_2\bin;C:\Oracle\product\12.1.0\client_1\bin;C:\ProgramData\Oracle\Java\javapath;C:\app\client\juan.bulfon\product\12.2.0\client;C:\app\client\juan.bulfon\product\12.2.0\client\bin;C:\WINDOWS\system32;C:\WINDOWS;C:\WINDOWS\System32\Wbem;C:\WINDOWS\System32\WindowsPowerShell\v1.0\;C:\Program Files (x86)\PuTTY\;C:\Program Files\Git\cmd;C:\Program Files\dotnet\;C:\Program Files\Microsoft SQL Server\130\Tools\Binn\;C:\Program Files (x86)\Java\jdk1.8.0_151\bin;C:\Program Files (x86)\Yarn\bin;C:\Program Files\nodejs\;;C:\Program Files\Microsoft VS Code\bin;C:\Users\juan.bulfon\AppData\Local\Microsoft\WindowsApps;C:\Users\juan.bulfon\AppData\Local\Yarn\bin;C:\Users\juan.bulfon\AppData\Roaming\npm

Yarn version: 
  1.3.2

Node version: 
  8.9.4

Platform: 
  win32 x64

npm manifest: 
  {
    "name": "NuxtPWAVuetify",
    "version": "1.0.0",
    "description": "Prueba",
    "author": "SYNAPSE\juan.bulfon",
    "private": true,
    "scripts": {
      "dev": "nuxt",
      "build": "nuxt build",
      "start": "nuxt start",
      "generate": "nuxt generate",
      "lint": "eslint --ext .js,.vue --ignore-path .gitignore .",
      "precommit": "npm run lint"
    },
    "dependencies": {
      "nuxt": "^1.0.0",
      "vuetify": "^0.17.3",
      "@nuxtjs/axios": "^5.0.0"
    },
    "devDependencies": {
      "cross-env": "^5.0.1",
      "babel-eslint": "^8.2.1",
      "eslint": "^4.15.0",
      "eslint-loader": "^1.7.1",
      "eslint-plugin-vue": "^4.0.0",
      "stylus": "^0.54.5",
      "stylus-loader": "^3.0.1"
    }
  }

yarn manifest: 
  No manifest

Lockfile: 
  No lockfile

Trace: 
  SyntaxError: C:\Users\juan.bulfon\Documents\Personal\Proyectos\Nuxt\NuxtPWAVuetify\package.json: Unexpected token j in JSON at position 100
      at JSON.parse (<anonymous>)
      at C:\Program Files (x86)\Yarn\lib\cli.js:770:59
      at Generator.next (<anonymous>)
      at step (C:\Program Files (x86)\Yarn\lib\cli.js:92:30)
      at C:\Program Files (x86)\Yarn\lib\cli.js:103:13
      at <anonymous>
